\BOOKMARK [1][-]{section.1}{What you need - Octave/Matlab}{}% 1
\BOOKMARK [1][-]{section.2}{Motivation}{}% 2
\BOOKMARK [1][-]{section.3}{Taylor polynomials}{}% 3
\BOOKMARK [2][-]{subsection.3.1}{Taylor's theorem}{section.3}% 4
\BOOKMARK [2][-]{subsection.3.2}{What is a Taylor approximation good for?}{section.3}% 5
\BOOKMARK [2][-]{subsection.3.3}{Coding functions in Octave}{section.3}% 6
\BOOKMARK [1][-]{section.4}{Root finding}{}% 7
\BOOKMARK [2][-]{subsection.4.1}{Bisection method}{section.4}% 8
\BOOKMARK [2][-]{subsection.4.2}{Error}{section.4}% 9
\BOOKMARK [2][-]{subsection.4.3}{Bisection algorithm}{section.4}% 10
\BOOKMARK [2][-]{subsection.4.4}{False position \(Regula Falsi\)}{section.4}% 11
\BOOKMARK [2][-]{subsection.4.5}{Classes of differentiability}{section.4}% 12
\BOOKMARK [2][-]{subsection.4.6}{Newton-Raphson method}{section.4}% 13
\BOOKMARK [2][-]{subsection.4.7}{Newton's method requirements and problems}{section.4}% 14
\BOOKMARK [1][-]{section.5}{Interpolation}{}% 15
\BOOKMARK [2][-]{subsection.5.1}{Naive polynomial interpolation}{section.5}% 16
\BOOKMARK [2][-]{subsection.5.2}{Lagrange interpolation}{section.5}% 17
\BOOKMARK [2][-]{subsection.5.3}{Newton interpolation}{section.5}% 18
\BOOKMARK [2][-]{subsection.5.4}{Problems with polynomials}{section.5}% 19
\BOOKMARK [2][-]{subsection.5.5}{Spline interpolation}{section.5}% 20
\BOOKMARK [1][-]{section.6}{Numerical Integration}{}% 21
\BOOKMARK [2][-]{subsection.6.1}{Integration review}{section.6}% 22
\BOOKMARK [2][-]{subsection.6.2}{The trapezoid rule}{section.6}% 23
\BOOKMARK [2][-]{subsection.6.3}{A special case of Richardson's extrapolation \(optional\)}{section.6}% 24
\BOOKMARK [2][-]{subsection.6.4}{Simpson's 1/3 rule}{section.6}% 25
\BOOKMARK [1][-]{section.7}{Introduction to Fourier Analysis}{}% 26
\BOOKMARK [2][-]{subsection.7.1}{Review of linear algebra}{section.7}% 27
\BOOKMARK [1][-]{section.8}{Code examples}{}% 28
\BOOKMARK [2][-]{subsection.8.1}{Lab 1 - Introduction}{section.8}% 29
\BOOKMARK [1][-]{section.9}{Assignments}{}% 30
\BOOKMARK [2][-]{subsection.9.1}{Assignment Set 1}{section.9}% 31
\BOOKMARK [2][-]{subsection.9.2}{Assignment Set 2}{section.9}% 32
\BOOKMARK [2][-]{subsection.9.3}{Assignment set 3}{section.9}% 33
\BOOKMARK [2][-]{subsection.9.4}{Assignment set 4}{section.9}% 34
\BOOKMARK [2][-]{subsection.9.5}{Assignment set 5 \(including challenge set\)}{section.9}% 35
\BOOKMARK [2][-]{subsection.9.6}{Assignment set 6 - Newton polynomials}{section.9}% 36
\BOOKMARK [2][-]{subsection.9.7}{Assignment set 7 - Cubic splines}{section.9}% 37
\BOOKMARK [2][-]{subsection.9.8}{Assignment 8 - Numerical integration}{section.9}% 38
